# JRE version: OpenJDK Runtime Environment Temurin-21.0.5+11 (21.0.5+11) (build 21.0.5+11-LTS)
# Java VM: OpenJDK 64-Bit Server VM Temurin-21.0.5+11 (21.0.5+11-LTS, mixed mode, sharing, tiered, compressed oops, compressed class ptrs, parallel gc, windows-amd64)
GC Precious Log:
 CardTable entry size: 512
 CPUs: 4 total, 4 available
 Memory: 3976M
 Large Page Support: Disabled
 NUMA Support: Disabled
 Compressed Oops: Enabled (32-bit)
 Alignments: Space 512K, Generation 512K, Heap 2M
 Heap Min Capacity: 100M
 Heap Initial Capacity: 100M
 Heap Max Capacity: 1G
 Pre-touch: Disabled
 Parallel Workers: 4
Heap:
 PSYoungGen      total 3072K, used 795K [0x00000000eab00000, 0x00000000eaf80000, 0x0000000100000000)
  eden space 2560K, 23% used [0x00000000eab00000,0x00000000eab96e00,0x00000000ead80000)
  from space 512K, 37% used [0x00000000eaf00000,0x00000000eaf30010,0x00000000eaf80000)
  to   space 512K, 0% used [0x00000000eae80000,0x00000000eae80000,0x00000000eaf00000)
 ParOldGen       total 188416K, used 188205K [0x00000000c0000000, 0x00000000cb800000, 0x00000000eab00000)
  object space 188416K, 99% used [0x00000000c0000000,0x00000000cb7cb588,0x00000000cb800000)
 Metaspace       used 68335K, committed 69696K, reserved 1114112K
  class space    used 7158K, committed 7744K, reserved 1048576K
GC Heap History (20 events):
Event: 345.333 GC heap before
{Heap before GC invocations=169 (full 3):
 PSYoungGen      total 3584K, used 2944K [0x00000000eab00000, 0x00000000eb000000, 0x0000000100000000)
  eden space 2560K, 100% used [0x00000000eab00000,0x00000000ead80000,0x00000000ead80000)
  from space 1024K, 37% used [0x00000000eae00000,0x00000000eae60000,0x00000000eaf00000)
  to   space 512K, 0% used [0x00000000eaf80000,0x00000000eaf80000,0x00000000eb000000)
 ParOldGen       total 186368K, used 186109K [0x00000000c0000000, 0x00000000cb600000, 0x00000000eab00000)
  object space 186368K, 99% used [0x00000000c0000000,0x00000000cb5bf778,0x00000000cb600000)
 Metaspace       used 67287K, committed 68672K, reserved 1114112K
  class space    used 7050K, committed 7680K, reserved 1048576K
}
Event: 345.334 GC heap after
{Heap after GC invocations=169 (full 3):
 PSYoungGen      total 3072K, used 224K [0x00000000eab00000, 0x00000000eb000000, 0x0000000100000000)
  eden space 2560K, 0% used [0x00000000eab00000,0x00000000eab00000,0x00000000ead80000)
  from space 512K, 43% used [0x00000000eaf80000,0x00000000eafb8000,0x00000000eb000000)
  to   space 512K, 0% used [0x00000000eaf00000,0x00000000eaf00000,0x00000000eaf80000)
 ParOldGen       total 186368K, used 186149K [0x00000000c0000000, 0x00000000cb600000, 0x00000000eab00000)
  object space 186368K, 99% used [0x00000000c0000000,0x00000000cb5c9778,0x00000000cb600000)
 Metaspace       used 67287K, committed 68672K, reserved 1114112K
  class space    used 7050K, committed 7680K, reserved 1048576K
}
Event: 345.749 GC heap before
{Heap before GC invocations=170 (full 3):
 PSYoungGen      total 3072K, used 2783K [0x00000000eab00000, 0x00000000eb000000, 0x0000000100000000)
  eden space 2560K, 99% used [0x00000000eab00000,0x00000000ead7fff8,0x00000000ead80000)
  from space 512K, 43% used [0x00000000eaf80000,0x00000000eafb8000,0x00000000eb000000)
  to   space 512K, 0% used [0x00000000eaf00000,0x00000000eaf00000,0x00000000eaf80000)
 ParOldGen       total 186368K, used 186149K [0x00000000c0000000, 0x00000000cb600000, 0x00000000eab00000)
  object space 186368K, 99% used [0x00000000c0000000,0x00000000cb5c9778,0x00000000cb600000)
 Metaspace       used 67296K, committed 68736K, reserved 1114112K
  class space    used 7050K, committed 7680K, reserved 1048576K
}
Event: 345.751 GC heap after
{Heap after GC invocations=170 (full 3):
 PSYoungGen      total 3072K, used 416K [0x00000000eab00000, 0x00000000eb000000, 0x0000000100000000)
  eden space 2560K, 0% used [0x00000000eab00000,0x00000000eab00000,0x00000000ead80000)
  from space 512K, 81% used [0x00000000eaf00000,0x00000000eaf68000,0x00000000eaf80000)
  to   space 512K, 0% used [0x00000000eaf80000,0x00000000eaf80000,0x00000000eb000000)
 ParOldGen       total 186368K, used 186165K [0x00000000c0000000, 0x00000000cb600000, 0x00000000eab00000)
  object space 186368K, 99% used [0x00000000c0000000,0x00000000cb5cd778,0x00000000cb600000)
 Metaspace       used 67296K, committed 68736K, reserved 1114112K
  class space    used 7050K, committed 7680K, reserved 1048576K
}
Event: 345.855 GC heap before
{Heap before GC invocations=171 (full 3):
 PSYoungGen      total 3072K, used 2975K [0x00000000eab00000, 0x00000000eb000000, 0x0000000100000000)
  eden space 2560K, 99% used [0x00000000eab00000,0x00000000ead7ffe8,0x00000000ead80000)
  from space 512K, 81% used [0x00000000eaf00000,0x00000000eaf68000,0x00000000eaf80000)
  to   space 512K, 0% used [0x00000000eaf80000,0x00000000eaf80000,0x00000000eb000000)
 ParOldGen       total 186368K, used 186165K [0x00000000c0000000, 0x00000000cb600000, 0x00000000eab00000)
  object space 186368K, 99% used [0x00000000c0000000,0x00000000cb5cd778,0x00000000cb600000)
 Metaspace       used 67320K, committed 68736K, reserved 1114112K
  class space    used 7050K, committed 7680K, reserved 1048576K
}
Event: 345.857 GC heap after
{Heap after GC invocations=171 (full 3):
 PSYoungGen      total 3072K, used 128K [0x00000000eab00000, 0x00000000eb000000, 0x0000000100000000)
  eden space 2560K, 0% used [0x00000000eab00000,0x00000000eab00000,0x00000000ead80000)
  from space 512K, 25% used [0x00000000eaf80000,0x00000000eafa0000,0x00000000eb000000)
  to   space 512K, 0% used [0x00000000eaf00000,0x00000000eaf00000,0x00000000eaf80000)
 ParOldGen       total 186880K, used 186499K [0x00000000c0000000, 0x00000000cb680000, 0x00000000eab00000)
  object space 186880K, 99% used [0x00000000c0000000,0x00000000cb620c08,0x00000000cb680000)
 Metaspace       used 67320K, committed 68736K, reserved 1114112K
  class space    used 7050K, committed 7680K, reserved 1048576K
}
Event: 346.038 GC heap before
{Heap before GC invocations=172 (full 3):
 PSYoungGen      total 3072K, used 2688K [0x00000000eab00000, 0x00000000eb000000, 0x0000000100000000)
  eden space 2560K, 100% used [0x00000000eab00000,0x00000000ead80000,0x00000000ead80000)
  from space 512K, 25% used [0x00000000eaf80000,0x00000000eafa0000,0x00000000eb000000)
  to   space 512K, 0% used [0x00000000eaf00000,0x00000000eaf00000,0x00000000eaf80000)
 ParOldGen       total 186880K, used 186499K [0x00000000c0000000, 0x00000000cb680000, 0x00000000eab00000)
  object space 186880K, 99% used [0x00000000c0000000,0x00000000cb620c08,0x00000000cb680000)
 Metaspace       used 67329K, committed 68736K, reserved 1114112K
  class space    used 7050K, committed 7680K, reserved 1048576K
}
Event: 346.038 GC heap after
{Heap after GC invocations=172 (full 3):
 PSYoungGen      total 3072K, used 128K [0x00000000eab00000, 0x00000000eb000000, 0x0000000100000000)
  eden space 2560K, 0% used [0x00000000eab00000,0x00000000eab00000,0x00000000ead80000)
  from space 512K, 25% used [0x00000000eaf00000,0x00000000eaf20000,0x00000000eaf80000)
  to   space 512K, 0% used [0x00000000eaf80000,0x00000000eaf80000,0x00000000eb000000)
 ParOldGen       total 186880K, used 186531K [0x00000000c0000000, 0x00000000cb680000, 0x00000000eab00000)
  object space 186880K, 99% used [0x00000000c0000000,0x00000000cb628c08,0x00000000cb680000)
 Metaspace       used 67329K, committed 68736K, reserved 1114112K
  class space    used 7050K, committed 7680K, reserved 1048576K
}
Event: 347.380 GC heap before
{Heap before GC invocations=173 (full 3):
 PSYoungGen      total 3072K, used 2688K [0x00000000eab00000, 0x00000000eb000000, 0x0000000100000000)
  eden space 2560K, 100% used [0x00000000eab00000,0x00000000ead80000,0x00000000ead80000)
  from space 512K, 25% used [0x00000000eaf00000,0x00000000eaf20000,0x00000000eaf80000)
  to   space 512K, 0% used [0x00000000eaf80000,0x00000000eaf80000,0x00000000eb000000)
 ParOldGen       total 186880K, used 186531K [0x00000000c0000000, 0x00000000cb680000, 0x00000000eab00000)
  object space 186880K, 99% used [0x00000000c0000000,0x00000000cb628c08,0x00000000cb680000)
 Metaspace       used 67384K, committed 68800K, reserved 1114112K
  class space    used 7050K, committed 7680K, reserved 1048576K
}
Event: 347.381 GC heap after
{Heap after GC invocations=173 (full 3):
 PSYoungGen      total 3072K, used 208K [0x00000000eab00000, 0x00000000eb000000, 0x0000000100000000)
  eden space 2560K, 0% used [0x00000000eab00000,0x00000000eab00000,0x00000000ead80000)
  from space 512K, 40% used [0x00000000eaf80000,0x00000000eafb4010,0x00000000eb000000)
  to   space 512K, 0% used [0x00000000eaf00000,0x00000000eaf00000,0x00000000eaf80000)
 ParOldGen       total 186880K, used 186555K [0x00000000c0000000, 0x00000000cb680000, 0x00000000eab00000)
  object space 186880K, 99% used [0x00000000c0000000,0x00000000cb62ec08,0x00000000cb680000)
 Metaspace       used 67384K, committed 68800K, reserved 1114112K
  class space    used 7050K, committed 7680K, reserved 1048576K
}
Event: 347.659 GC heap before
{Heap before GC invocations=174 (full 3):
 PSYoungGen      total 3072K, used 2768K [0x00000000eab00000, 0x00000000eb000000, 0x0000000100000000)
  eden space 2560K, 100% used [0x00000000eab00000,0x00000000ead80000,0x00000000ead80000)
  from space 512K, 40% used [0x00000000eaf80000,0x00000000eafb4010,0x00000000eb000000)
  to   space 512K, 0% used [0x00000000eaf00000,0x00000000eaf00000,0x00000000eaf80000)
 ParOldGen       total 186880K, used 186555K [0x00000000c0000000, 0x00000000cb680000, 0x00000000eab00000)
  object space 186880K, 99% used [0x00000000c0000000,0x00000000cb62ec08,0x00000000cb680000)
 Metaspace       used 67441K, committed 68864K, reserved 1114112K
  class space    used 7057K, committed 7680K, reserved 1048576K
}
Event: 347.660 GC heap after
{Heap after GC invocations=174 (full 3):
 PSYoungGen      total 3072K, used 512K [0x00000000eab00000, 0x00000000eb000000, 0x0000000100000000)
  eden space 2560K, 0% used [0x00000000eab00000,0x00000000eab00000,0x00000000ead80000)
  from space 512K, 100% used [0x00000000eaf00000,0x00000000eaf80000,0x00000000eaf80000)
  to   space 512K, 0% used [0x00000000eaf80000,0x00000000eaf80000,0x00000000eb000000)
 ParOldGen       total 186880K, used 186720K [0x00000000c0000000, 0x00000000cb680000, 0x00000000eab00000)
  object space 186880K, 99% used [0x00000000c0000000,0x00000000cb658098,0x00000000cb680000)
 Metaspace       used 67441K, committed 68864K, reserved 1114112K
  class space    used 7057K, committed 7680K, reserved 1048576K
}
Event: 347.799 GC heap before
{Heap before GC invocations=175 (full 3):
 PSYoungGen      total 3072K, used 3072K [0x00000000eab00000, 0x00000000eb000000, 0x0000000100000000)
  eden space 2560K, 100% used [0x00000000eab00000,0x00000000ead80000,0x00000000ead80000)
  from space 512K, 100% used [0x00000000eaf00000,0x00000000eaf80000,0x00000000eaf80000)
  to   space 512K, 0% used [0x00000000eaf80000,0x00000000eaf80000,0x00000000eb000000)
 ParOldGen       total 186880K, used 186720K [0x00000000c0000000, 0x00000000cb680000, 0x00000000eab00000)
  object space 186880K, 99% used [0x00000000c0000000,0x00000000cb658098,0x00000000cb680000)
 Metaspace       used 67446K, committed 68864K, reserved 1114112K
  class space    used 7057K, committed 7680K, reserved 1048576K
}
Event: 347.801 GC heap after
{Heap after GC invocations=175 (full 3):
 PSYoungGen      total 3072K, used 352K [0x00000000eab00000, 0x00000000eb000000, 0x0000000100000000)
  eden space 2560K, 0% used [0x00000000eab00000,0x00000000eab00000,0x00000000ead80000)
  from space 512K, 68% used [0x00000000eaf80000,0x00000000eafd8000,0x00000000eb000000)
  to   space 512K, 0% used [0x00000000eaf00000,0x00000000eaf00000,0x00000000eaf80000)
 ParOldGen       total 187392K, used 187237K [0x00000000c0000000, 0x00000000cb700000, 0x00000000eab00000)
  object space 187392K, 99% used [0x00000000c0000000,0x00000000cb6d9528,0x00000000cb700000)
 Metaspace       used 67446K, committed 68864K, reserved 1114112K
  class space    used 7057K, committed 7680K, reserved 1048576K
}
Event: 349.223 GC heap before
{Heap before GC invocations=176 (full 3):
 PSYoungGen      total 3072K, used 2912K [0x00000000eab00000, 0x00000000eb000000, 0x0000000100000000)
  eden space 2560K, 100% used [0x00000000eab00000,0x00000000ead80000,0x00000000ead80000)
  from space 512K, 68% used [0x00000000eaf80000,0x00000000eafd8000,0x00000000eb000000)
  to   space 512K, 0% used [0x00000000eaf00000,0x00000000eaf00000,0x00000000eaf80000)
 ParOldGen       total 187392K, used 187237K [0x00000000c0000000, 0x00000000cb700000, 0x00000000eab00000)
  object space 187392K, 99% used [0x00000000c0000000,0x00000000cb6d9528,0x00000000cb700000)
 Metaspace       used 67523K, committed 68928K, reserved 1114112K
  class space    used 7067K, committed 7680K, reserved 1048576K
}
Event: 349.224 GC heap after
{Heap after GC invocations=176 (full 3):
 PSYoungGen      total 3072K, used 128K [0x00000000eab00000, 0x00000000eb000000, 0x0000000100000000)
  eden space 2560K, 0% used [0x00000000eab00000,0x00000000eab00000,0x00000000ead80000)
  from space 512K, 25% used [0x00000000eaf00000,0x00000000eaf20000,0x00000000eaf80000)
  to   space 512K, 0% used [0x00000000eaf80000,0x00000000eaf80000,0x00000000eb000000)
 ParOldGen       total 187392K, used 187285K [0x00000000c0000000, 0x00000000cb700000, 0x00000000eab00000)
  object space 187392K, 99% used [0x00000000c0000000,0x00000000cb6e5528,0x00000000cb700000)
 Metaspace       used 67523K, committed 68928K, reserved 1114112K
  class space    used 7067K, committed 7680K, reserved 1048576K
}
Event: 350.566 GC heap before
{Heap before GC invocations=177 (full 3):
 PSYoungGen      total 3072K, used 2687K [0x00000000eab00000, 0x00000000eb000000, 0x0000000100000000)
  eden space 2560K, 99% used [0x00000000eab00000,0x00000000ead7fd38,0x00000000ead80000)
  from space 512K, 25% used [0x00000000eaf00000,0x00000000eaf20000,0x00000000eaf80000)
  to   space 512K, 0% used [0x00000000eaf80000,0x00000000eaf80000,0x00000000eb000000)
 ParOldGen       total 187392K, used 187285K [0x00000000c0000000, 0x00000000cb700000, 0x00000000eab00000)
  object space 187392K, 99% used [0x00000000c0000000,0x00000000cb6e5528,0x00000000cb700000)
 Metaspace       used 67838K, committed 69248K, reserved 1114112K
  class space    used 7104K, committed 7744K, reserved 1048576K
}
Event: 350.568 GC heap after
{Heap after GC invocations=177 (full 3):
 PSYoungGen      total 3072K, used 192K [0x00000000eab00000, 0x00000000eb000000, 0x0000000100000000)
  eden space 2560K, 0% used [0x00000000eab00000,0x00000000eab00000,0x00000000ead80000)
  from space 512K, 37% used [0x00000000eaf80000,0x00000000eafb0000,0x00000000eb000000)
  to   space 512K, 0% used [0x00000000eaf00000,0x00000000eaf00000,0x00000000eaf80000)
 ParOldGen       total 187392K, used 187317K [0x00000000c0000000, 0x00000000cb700000, 0x00000000eab00000)
  object space 187392K, 99% used [0x00000000c0000000,0x00000000cb6ed528,0x00000000cb700000)
 Metaspace       used 67838K, committed 69248K, reserved 1114112K
  class space    used 7104K, committed 7744K, reserved 1048576K
}
Event: 361.514 GC heap before
{Heap before GC invocations=178 (full 3):
 PSYoungGen      total 3072K, used 2752K [0x00000000eab00000, 0x00000000eb000000, 0x0000000100000000)
  eden space 2560K, 100% used [0x00000000eab00000,0x00000000ead80000,0x00000000ead80000)
  from space 512K, 37% used [0x00000000eaf80000,0x00000000eafb0000,0x00000000eb000000)
  to   space 512K, 0% used [0x00000000eaf00000,0x00000000eaf00000,0x00000000eaf80000)
 ParOldGen       total 187392K, used 187317K [0x00000000c0000000, 0x00000000cb700000, 0x00000000eab00000)
  object space 187392K, 99% used [0x00000000c0000000,0x00000000cb6ed528,0x00000000cb700000)
 Metaspace       used 68101K, committed 69504K, reserved 1114112K
  class space    used 7126K, committed 7744K, reserved 1048576K
}
Event: 361.516 GC heap after
{Heap after GC invocations=178 (full 3):
 PSYoungGen      total 3072K, used 320K [0x00000000eab00000, 0x00000000eb000000, 0x0000000100000000)
  eden space 2560K, 0% used [0x00000000eab00000,0x00000000eab00000,0x00000000ead80000)
  from space 512K, 62% used [0x00000000eaf00000,0x00000000eaf50000,0x00000000eaf80000)
  to   space 512K, 0% used [0x00000000eaf80000,0x00000000eaf80000,0x00000000eb000000)
 ParOldGen       total 187904K, used 187421K [0x00000000c0000000, 0x00000000cb780000, 0x00000000eab00000)
  object space 187904K, 99% used [0x00000000c0000000,0x00000000cb707538,0x00000000cb780000)
 Metaspace       used 68101K, committed 69504K, reserved 1114112K
  class space    used 7126K, committed 7744K, reserved 1048576K
}

