# JRE version: OpenJDK Runtime Environment Temurin-21.0.5+11 (21.0.5+11) (build 21.0.5+11-LTS)
# Java VM: OpenJDK 64-Bit Server VM Temurin-21.0.5+11 (21.0.5+11-LTS, mixed mode, sharing, tiered, compressed oops, compressed class ptrs, parallel gc, windows-amd64)
GC Precious Log:
 CardTable entry size: 512
 CPUs: 4 total, 4 available
 Memory: 3976M
 Large Page Support: Disabled
 NUMA Support: Disabled
 Compressed Oops: Enabled (32-bit)
 Alignments: Space 512K, Generation 512K, Heap 2M
 Heap Min Capacity: 100M
 Heap Initial Capacity: 100M
 Heap Max Capacity: 1G
 Pre-touch: Disabled
 Parallel Workers: 4
Heap:
 PSYoungGen      total 3584K, used 3380K [0x00000000eab00000, 0x00000000eb000000, 0x0000000100000000)
  eden space 3072K, 99% used [0x00000000eab00000,0x00000000eadfd208,0x00000000eae00000)
  from space 512K, 62% used [0x00000000eaf80000,0x00000000eafd0000,0x00000000eb000000)
  to   space 512K, 0% used [0x00000000eaf00000,0x00000000eaf00000,0x00000000eaf80000)
 ParOldGen       total 542720K, used 542701K [0x00000000c0000000, 0x00000000e1200000, 0x00000000eab00000)
  object space 542720K, 99% used [0x00000000c0000000,0x00000000e11fb6a0,0x00000000e1200000)
 Metaspace       used 69836K, committed 71296K, reserved 1114112K
  class space    used 7379K, committed 8000K, reserved 1048576K
GC Heap History (20 events):
Event: 196.741 GC heap before
{Heap before GC invocations=610 (full 3):
 PSYoungGen      total 1536K, used 1360K [0x00000000eab00000, 0x00000000ead80000, 0x0000000100000000)
  eden space 1024K, 100% used [0x00000000eab00000,0x00000000eac00000,0x00000000eac00000)
  from space 512K, 65% used [0x00000000ead00000,0x00000000ead54010,0x00000000ead80000)
  to   space 512K, 0% used [0x00000000eac80000,0x00000000eac80000,0x00000000ead00000)
 ParOldGen       total 519680K, used 519415K [0x00000000c0000000, 0x00000000dfb80000, 0x00000000eab00000)
  object space 519680K, 99% used [0x00000000c0000000,0x00000000dfb3dfd0,0x00000000dfb80000)
 Metaspace       used 69086K, committed 70464K, reserved 1114112K
  class space    used 7331K, committed 7936K, reserved 1048576K
}
Event: 196.743 GC heap after
{Heap after GC invocations=610 (full 3):
 PSYoungGen      total 1536K, used 128K [0x00000000eab00000, 0x00000000ead80000, 0x0000000100000000)
  eden space 1024K, 0% used [0x00000000eab00000,0x00000000eab00000,0x00000000eac00000)
  from space 512K, 25% used [0x00000000eac80000,0x00000000eaca0000,0x00000000ead00000)
  to   space 512K, 0% used [0x00000000ead00000,0x00000000ead00000,0x00000000ead80000)
 ParOldGen       total 519680K, used 519431K [0x00000000c0000000, 0x00000000dfb80000, 0x00000000eab00000)
  object space 519680K, 99% used [0x00000000c0000000,0x00000000dfb41fd0,0x00000000dfb80000)
 Metaspace       used 69086K, committed 70464K, reserved 1114112K
  class space    used 7331K, committed 7936K, reserved 1048576K
}
Event: 196.747 GC heap before
{Heap before GC invocations=611 (full 3):
 PSYoungGen      total 1536K, used 1152K [0x00000000eab00000, 0x00000000ead80000, 0x0000000100000000)
  eden space 1024K, 100% used [0x00000000eab00000,0x00000000eac00000,0x00000000eac00000)
  from space 512K, 25% used [0x00000000eac80000,0x00000000eaca0000,0x00000000ead00000)
  to   space 512K, 0% used [0x00000000ead00000,0x00000000ead00000,0x00000000ead80000)
 ParOldGen       total 519680K, used 519431K [0x00000000c0000000, 0x00000000dfb80000, 0x00000000eab00000)
  object space 519680K, 99% used [0x00000000c0000000,0x00000000dfb41fd0,0x00000000dfb80000)
 Metaspace       used 69086K, committed 70464K, reserved 1114112K
  class space    used 7331K, committed 7936K, reserved 1048576K
}
Event: 196.749 GC heap after
{Heap after GC invocations=611 (full 3):
 PSYoungGen      total 1536K, used 128K [0x00000000eab00000, 0x00000000ead80000, 0x0000000100000000)
  eden space 1024K, 0% used [0x00000000eab00000,0x00000000eab00000,0x00000000eac00000)
  from space 512K, 25% used [0x00000000ead00000,0x00000000ead20000,0x00000000ead80000)
  to   space 512K, 0% used [0x00000000eac80000,0x00000000eac80000,0x00000000ead00000)
 ParOldGen       total 519680K, used 519495K [0x00000000c0000000, 0x00000000dfb80000, 0x00000000eab00000)
  object space 519680K, 99% used [0x00000000c0000000,0x00000000dfb51fe0,0x00000000dfb80000)
 Metaspace       used 69086K, committed 70464K, reserved 1114112K
  class space    used 7331K, committed 7936K, reserved 1048576K
}
Event: 197.138 GC heap before
{Heap before GC invocations=612 (full 3):
 PSYoungGen      total 1536K, used 1152K [0x00000000eab00000, 0x00000000ead80000, 0x0000000100000000)
  eden space 1024K, 100% used [0x00000000eab00000,0x00000000eac00000,0x00000000eac00000)
  from space 512K, 25% used [0x00000000ead00000,0x00000000ead20000,0x00000000ead80000)
  to   space 512K, 0% used [0x00000000eac80000,0x00000000eac80000,0x00000000ead00000)
 ParOldGen       total 519680K, used 519495K [0x00000000c0000000, 0x00000000dfb80000, 0x00000000eab00000)
  object space 519680K, 99% used [0x00000000c0000000,0x00000000dfb51fe0,0x00000000dfb80000)
 Metaspace       used 69167K, committed 70528K, reserved 1114112K
  class space    used 7333K, committed 7936K, reserved 1048576K
}
Event: 197.139 GC heap after
{Heap after GC invocations=612 (full 3):
 PSYoungGen      total 1536K, used 145K [0x00000000eab00000, 0x00000000ead80000, 0x0000000100000000)
  eden space 1024K, 0% used [0x00000000eab00000,0x00000000eab00000,0x00000000eac00000)
  from space 512K, 28% used [0x00000000eac80000,0x00000000eaca45c8,0x00000000ead00000)
  to   space 512K, 0% used [0x00000000ead00000,0x00000000ead00000,0x00000000ead80000)
 ParOldGen       total 519680K, used 519543K [0x00000000c0000000, 0x00000000dfb80000, 0x00000000eab00000)
  object space 519680K, 99% used [0x00000000c0000000,0x00000000dfb5dfe0,0x00000000dfb80000)
 Metaspace       used 69167K, committed 70528K, reserved 1114112K
  class space    used 7333K, committed 7936K, reserved 1048576K
}
Event: 197.857 GC heap before
{Heap before GC invocations=613 (full 3):
 PSYoungGen      total 1536K, used 1169K [0x00000000eab00000, 0x00000000ead80000, 0x0000000100000000)
  eden space 1024K, 99% used [0x00000000eab00000,0x00000000eabfffe8,0x00000000eac00000)
  from space 512K, 28% used [0x00000000eac80000,0x00000000eaca45c8,0x00000000ead00000)
  to   space 512K, 0% used [0x00000000ead00000,0x00000000ead00000,0x00000000ead80000)
 ParOldGen       total 519680K, used 519543K [0x00000000c0000000, 0x00000000dfb80000, 0x00000000eab00000)
  object space 519680K, 99% used [0x00000000c0000000,0x00000000dfb5dfe0,0x00000000dfb80000)
 Metaspace       used 69268K, committed 70592K, reserved 1114112K
  class space    used 7347K, committed 7936K, reserved 1048576K
}
Event: 197.899 GC heap after
{Heap after GC invocations=613 (full 3):
 PSYoungGen      total 1536K, used 128K [0x00000000eab00000, 0x00000000ead80000, 0x0000000100000000)
  eden space 1024K, 0% used [0x00000000eab00000,0x00000000eab00000,0x00000000eac00000)
  from space 512K, 25% used [0x00000000ead00000,0x00000000ead20000,0x00000000ead80000)
  to   space 512K, 0% used [0x00000000eac80000,0x00000000eac80000,0x00000000ead00000)
 ParOldGen       total 519680K, used 519591K [0x00000000c0000000, 0x00000000dfb80000, 0x00000000eab00000)
  object space 519680K, 99% used [0x00000000c0000000,0x00000000dfb69ff0,0x00000000dfb80000)
 Metaspace       used 69268K, committed 70592K, reserved 1114112K
  class space    used 7347K, committed 7936K, reserved 1048576K
}
Event: 198.244 GC heap before
{Heap before GC invocations=614 (full 3):
 PSYoungGen      total 1536K, used 1152K [0x00000000eab00000, 0x00000000ead80000, 0x0000000100000000)
  eden space 1024K, 100% used [0x00000000eab00000,0x00000000eac00000,0x00000000eac00000)
  from space 512K, 25% used [0x00000000ead00000,0x00000000ead20000,0x00000000ead80000)
  to   space 512K, 0% used [0x00000000eac80000,0x00000000eac80000,0x00000000ead00000)
 ParOldGen       total 519680K, used 519591K [0x00000000c0000000, 0x00000000dfb80000, 0x00000000eab00000)
  object space 519680K, 99% used [0x00000000c0000000,0x00000000dfb69ff0,0x00000000dfb80000)
 Metaspace       used 69330K, committed 70656K, reserved 1114112K
  class space    used 7351K, committed 7936K, reserved 1048576K
}
Event: 198.246 GC heap after
{Heap after GC invocations=614 (full 3):
 PSYoungGen      total 1536K, used 408K [0x00000000eab00000, 0x00000000ead80000, 0x0000000100000000)
  eden space 1024K, 0% used [0x00000000eab00000,0x00000000eab00000,0x00000000eac00000)
  from space 512K, 79% used [0x00000000eac80000,0x00000000eace63b0,0x00000000ead00000)
  to   space 512K, 0% used [0x00000000ead00000,0x00000000ead00000,0x00000000ead80000)
 ParOldGen       total 520192K, used 519687K [0x00000000c0000000, 0x00000000dfc00000, 0x00000000eab00000)
  object space 520192K, 99% used [0x00000000c0000000,0x00000000dfb81ff0,0x00000000dfc00000)
 Metaspace       used 69330K, committed 70656K, reserved 1114112K
  class space    used 7351K, committed 7936K, reserved 1048576K
}
Event: 198.401 GC heap before
{Heap before GC invocations=615 (full 3):
 PSYoungGen      total 1536K, used 1432K [0x00000000eab00000, 0x00000000ead80000, 0x0000000100000000)
  eden space 1024K, 100% used [0x00000000eab00000,0x00000000eac00000,0x00000000eac00000)
  from space 512K, 79% used [0x00000000eac80000,0x00000000eace63b0,0x00000000ead00000)
  to   space 512K, 0% used [0x00000000ead00000,0x00000000ead00000,0x00000000ead80000)
 ParOldGen       total 520192K, used 519687K [0x00000000c0000000, 0x00000000dfc00000, 0x00000000eab00000)
  object space 520192K, 99% used [0x00000000c0000000,0x00000000dfb81ff0,0x00000000dfc00000)
 Metaspace       used 69343K, committed 70720K, reserved 1114112K
  class space    used 7351K, committed 7936K, reserved 1048576K
}
Event: 198.403 GC heap after
{Heap after GC invocations=615 (full 3):
 PSYoungGen      total 1536K, used 320K [0x00000000eab00000, 0x00000000ead80000, 0x0000000100000000)
  eden space 1024K, 0% used [0x00000000eab00000,0x00000000eab00000,0x00000000eac00000)
  from space 512K, 62% used [0x00000000ead00000,0x00000000ead50000,0x00000000ead80000)
  to   space 512K, 0% used [0x00000000eac80000,0x00000000eac80000,0x00000000ead00000)
 ParOldGen       total 520192K, used 520043K [0x00000000c0000000, 0x00000000dfc00000, 0x00000000eab00000)
  object space 520192K, 99% used [0x00000000c0000000,0x00000000dfbdacc0,0x00000000dfc00000)
 Metaspace       used 69343K, committed 70720K, reserved 1114112K
  class space    used 7351K, committed 7936K, reserved 1048576K
}
Event: 198.405 GC heap before
{Heap before GC invocations=616 (full 3):
 PSYoungGen      total 1536K, used 1344K [0x00000000eab00000, 0x00000000ead80000, 0x0000000100000000)
  eden space 1024K, 100% used [0x00000000eab00000,0x00000000eac00000,0x00000000eac00000)
  from space 512K, 62% used [0x00000000ead00000,0x00000000ead50000,0x00000000ead80000)
  to   space 512K, 0% used [0x00000000eac80000,0x00000000eac80000,0x00000000ead00000)
 ParOldGen       total 520192K, used 520043K [0x00000000c0000000, 0x00000000dfc00000, 0x00000000eab00000)
  object space 520192K, 99% used [0x00000000c0000000,0x00000000dfbdacc0,0x00000000dfc00000)
 Metaspace       used 69343K, committed 70720K, reserved 1114112K
  class space    used 7351K, committed 7936K, reserved 1048576K
}
Event: 198.407 GC heap after
{Heap after GC invocations=616 (full 3):
 PSYoungGen      total 1536K, used 384K [0x00000000eab00000, 0x00000000ead80000, 0x0000000100000000)
  eden space 1024K, 0% used [0x00000000eab00000,0x00000000eab00000,0x00000000eac00000)
  from space 512K, 75% used [0x00000000eac80000,0x00000000eace0000,0x00000000ead00000)
  to   space 512K, 0% used [0x00000000ead00000,0x00000000ead00000,0x00000000ead80000)
 ParOldGen       total 520704K, used 520315K [0x00000000c0000000, 0x00000000dfc80000, 0x00000000eab00000)
  object space 520704K, 99% used [0x00000000c0000000,0x00000000dfc1ecd0,0x00000000dfc80000)
 Metaspace       used 69343K, committed 70720K, reserved 1114112K
  class space    used 7351K, committed 7936K, reserved 1048576K
}
Event: 198.409 GC heap before
{Heap before GC invocations=617 (full 3):
 PSYoungGen      total 1536K, used 1408K [0x00000000eab00000, 0x00000000ead80000, 0x0000000100000000)
  eden space 1024K, 100% used [0x00000000eab00000,0x00000000eac00000,0x00000000eac00000)
  from space 512K, 75% used [0x00000000eac80000,0x00000000eace0000,0x00000000ead00000)
  to   space 512K, 0% used [0x00000000ead00000,0x00000000ead00000,0x00000000ead80000)
 ParOldGen       total 520704K, used 520315K [0x00000000c0000000, 0x00000000dfc80000, 0x00000000eab00000)
  object space 520704K, 99% used [0x00000000c0000000,0x00000000dfc1ecd0,0x00000000dfc80000)
 Metaspace       used 69343K, committed 70720K, reserved 1114112K
  class space    used 7351K, committed 7936K, reserved 1048576K
}
Event: 198.411 GC heap after
{Heap after GC invocations=617 (full 3):
 PSYoungGen      total 2048K, used 352K [0x00000000eab00000, 0x00000000ead80000, 0x0000000100000000)
  eden space 1536K, 0% used [0x00000000eab00000,0x00000000eab00000,0x00000000eac80000)
  from space 512K, 68% used [0x00000000ead00000,0x00000000ead58000,0x00000000ead80000)
  to   space 512K, 0% used [0x00000000eac80000,0x00000000eac80000,0x00000000ead00000)
 ParOldGen       total 520704K, used 520651K [0x00000000c0000000, 0x00000000dfc80000, 0x00000000eab00000)
  object space 520704K, 99% used [0x00000000c0000000,0x00000000dfc72cd0,0x00000000dfc80000)
 Metaspace       used 69343K, committed 70720K, reserved 1114112K
  class space    used 7351K, committed 7936K, reserved 1048576K
}
Event: 198.447 GC heap before
{Heap before GC invocations=618 (full 3):
 PSYoungGen      total 2048K, used 1887K [0x00000000eab00000, 0x00000000ead80000, 0x0000000100000000)
  eden space 1536K, 99% used [0x00000000eab00000,0x00000000eac7ffc0,0x00000000eac80000)
  from space 512K, 68% used [0x00000000ead00000,0x00000000ead58000,0x00000000ead80000)
  to   space 512K, 0% used [0x00000000eac80000,0x00000000eac80000,0x00000000ead00000)
 ParOldGen       total 520704K, used 520651K [0x00000000c0000000, 0x00000000dfc80000, 0x00000000eab00000)
  object space 520704K, 99% used [0x00000000c0000000,0x00000000dfc72cd0,0x00000000dfc80000)
 Metaspace       used 69347K, committed 70720K, reserved 1114112K
  class space    used 7352K, committed 7936K, reserved 1048576K
}
Event: 198.449 GC heap after
{Heap after GC invocations=618 (full 3):
 PSYoungGen      total 2048K, used 432K [0x00000000eab00000, 0x00000000ead80000, 0x0000000100000000)
  eden space 1536K, 0% used [0x00000000eab00000,0x00000000eab00000,0x00000000eac80000)
  from space 512K, 84% used [0x00000000eac80000,0x00000000eacec010,0x00000000ead00000)
  to   space 512K, 0% used [0x00000000ead00000,0x00000000ead00000,0x00000000ead80000)
 ParOldGen       total 521216K, used 520987K [0x00000000c0000000, 0x00000000dfd00000, 0x00000000eab00000)
  object space 521216K, 99% used [0x00000000c0000000,0x00000000dfcc6cd0,0x00000000dfd00000)
 Metaspace       used 69347K, committed 70720K, reserved 1114112K
  class space    used 7352K, committed 7936K, reserved 1048576K
}
Event: 198.663 GC heap before
{Heap before GC invocations=619 (full 3):
 PSYoungGen      total 2048K, used 1968K [0x00000000eab00000, 0x00000000ead80000, 0x0000000100000000)
  eden space 1536K, 100% used [0x00000000eab00000,0x00000000eac80000,0x00000000eac80000)
  from space 512K, 84% used [0x00000000eac80000,0x00000000eacec010,0x00000000ead00000)
  to   space 512K, 0% used [0x00000000ead00000,0x00000000ead00000,0x00000000ead80000)
 ParOldGen       total 521216K, used 520987K [0x00000000c0000000, 0x00000000dfd00000, 0x00000000eab00000)
  object space 521216K, 99% used [0x00000000c0000000,0x00000000dfcc6cd0,0x00000000dfd00000)
 Metaspace       used 69380K, committed 70720K, reserved 1114112K
  class space    used 7353K, committed 7936K, reserved 1048576K
}
Event: 198.667 GC heap after
{Heap after GC invocations=619 (full 3):
 PSYoungGen      total 2048K, used 320K [0x00000000eab00000, 0x00000000ead80000, 0x0000000100000000)
  eden space 1536K, 0% used [0x00000000eab00000,0x00000000eab00000,0x00000000eac80000)
  from space 512K, 62% used [0x00000000ead00000,0x00000000ead50000,0x00000000ead80000)
  to   space 512K, 0% used [0x00000000eac80000,0x00000000eac80000,0x00000000ead00000)
 ParOldGen       total 521728K, used 521333K [0x00000000c0000000, 0x00000000dfd80000, 0x00000000eab00000)
  object space 521728K, 99% used [0x00000000c0000000,0x00000000dfd1d5e0,0x00000000dfd80000)
 Metaspace       used 69380K, committed 70720K, reserved 1114112K
  class space    used 7353K, committed 7936K, reserved 1048576K
}

